[2025-10-19 17:57:54] [INFO ] [AI-CORE] → Módulo AI Orion cargado exitosamente (Connecting — activated)
[2025-10-19 17:57:54] [INFO ] [COSMOS-CORE] → Módulo Cosmos Orion cargado exitosamente (Syncing — balanced)
[2025-10-19 17:57:54] [INFO ] [CRYPTO-CORE] → Módulo Crypto Orion cargado exitosamente (Resolving — activated)
[2025-10-19 17:57:56] [INFO ] [INSIGHT-CORE] → Módulo Insight Orion cargado exitosamente (Evolving — detected)
[2025-10-19 17:57:56] [INFO ] [MATRIX-CORE] → Módulo Matrix Orion cargado exitosamente (Syncing — activated)
[2025-10-19 17:57:56] [INFO ] [QUANTUM-CORE] → Módulo Quantum Orion cargado exitosamente (Connecting — activated)
[2025-10-19 17:57:56] [INFO ] [TIMEWARP-CORE] → Módulo TimeWarp Orion cargado exitosamente (Evolving — balanced)
[2025-10-19 17:57:56] [INFO ] [VISION-CORE] → Módulo Vision Orion cargado exitosamente (Resolving — activated)
[2025-10-19 17:59:12] [INFO ] [AI-CORE] → Módulo AI Orion cargado exitosamente (Resolving — stabilized)
[2025-10-19 17:59:12] [INFO ] [COSMOS-CORE] → Módulo Cosmos Orion cargado exitosamente (Evolving — stabilized)
[2025-10-19 17:59:12] [INFO ] [CRYPTO-CORE] → Módulo Crypto Orion cargado exitosamente (Connecting — balanced)
[2025-10-19 17:59:14] [INFO ] [INSIGHT-CORE] → Módulo Insight Orion cargado exitosamente (Resolving — activated)
[2025-10-19 17:59:14] [INFO ] [MATRIX-CORE] → Módulo Matrix Orion cargado exitosamente (Evolving — activated)
[2025-10-19 17:59:14] [INFO ] [QUANTUM-CORE] → Módulo Quantum Orion cargado exitosamente (Evolving — detected)
[2025-10-19 17:59:14] [INFO ] [TIMEWARP-CORE] → Módulo TimeWarp Orion cargado exitosamente (Processing — detected)
[2025-10-19 17:59:14] [INFO ] [VISION-CORE] → Módulo Vision Orion cargado exitosamente (Resolving — detected)
[2025-10-19 18:05:25] [INFO ] [AI-CORE] → Módulo AI Orion cargado exitosamente (Connecting — stabilized)
[2025-10-19 18:05:25] [INFO ] [COSMOS-CORE] → Módulo Cosmos Orion cargado exitosamente (Resolving — balanced)
[2025-10-19 18:05:25] [INFO ] [CRYPTO-CORE] → Módulo Crypto Orion cargado exitosamente (Connecting — balanced)
[2025-10-19 18:05:27] [INFO ] [INSIGHT-CORE] → Módulo Insight Orion cargado exitosamente (Resolving — activated)
[2025-10-19 18:05:27] [INFO ] [MATRIX-CORE] → Módulo Matrix Orion cargado exitosamente (Processing — detected)
[2025-10-19 18:05:27] [INFO ] [QUANTUM-CORE] → Módulo Quantum Orion cargado exitosamente (Connecting — balanced)
[2025-10-19 18:05:27] [INFO ] [TIMEWARP-CORE] → Módulo TimeWarp Orion cargado exitosamente (Connecting — balanced)
[2025-10-19 18:05:27] [INFO ] [VISION-CORE] → Módulo Vision Orion cargado exitosamente (Processing — stabilized)
[2025-10-19 18:15:00] [INFO ] [AI-CORE] → Módulo AI Orion cargado exitosamente (Resolving — detected)
[2025-10-19 18:15:00] [INFO ] [COSMOS-CORE] → Módulo Cosmos Orion cargado exitosamente (Resolving — activated)
[2025-10-19 18:15:00] [INFO ] [CRYPTO-CORE] → Módulo Crypto Orion cargado exitosamente (Syncing — stabilized)
[2025-10-19 18:15:02] [INFO ] [INSIGHT-CORE] → Módulo Insight Orion cargado exitosamente (Resolving — activated)
[2025-10-19 18:15:02] [INFO ] [MATRIX-CORE] → Módulo Matrix Orion cargado exitosamente (Connecting — detected)
[2025-10-19 18:15:02] [INFO ] [QUANTUM-CORE] → Módulo Quantum Orion cargado exitosamente (Processing — stabilized)
[2025-10-19 18:15:02] [INFO ] [TIMEWARP-CORE] → Módulo TimeWarp Orion cargado exitosamente (Evolving — detected)
[2025-10-19 18:15:02] [INFO ] [VISION-CORE] → Módulo Vision Orion cargado exitosamente (Resolving — balanced)
[2025-10-19 18:16:14] [INFO ] [AI-CORE] → Módulo AI Orion cargado exitosamente (Processing — detected)
[2025-10-19 18:16:14] [INFO ] [COSMOS-CORE] → Módulo Cosmos Orion cargado exitosamente (Evolving — balanced)
[2025-10-19 18:16:14] [INFO ] [CRYPTO-CORE] → Módulo Crypto Orion cargado exitosamente (Processing — stabilized)
[2025-10-19 18:16:16] [INFO ] [INSIGHT-CORE] → Módulo Insight Orion cargado exitosamente (Connecting — detected)
[2025-10-19 18:16:16] [INFO ] [MATRIX-CORE] → Módulo Matrix Orion cargado exitosamente (Evolving — detected)
[2025-10-19 18:16:16] [INFO ] [QUANTUM-CORE] → Módulo Quantum Orion cargado exitosamente (Syncing — activated)
[2025-10-19 18:16:16] [INFO ] [TIMEWARP-CORE] → Módulo TimeWarp Orion cargado exitosamente (Evolving — activated)
[2025-10-19 18:16:16] [INFO ] [VISION-CORE] → Módulo Vision Orion cargado exitosamente (Connecting — detected)
[2025-10-19 18:20:57] [INFO ] [AI-CORE] → Módulo AI Orion cargado exitosamente (Evolving — balanced)
[2025-10-19 18:20:57] [INFO ] [COSMOS-CORE] → Módulo Cosmos Orion cargado exitosamente (Evolving — stabilized)
[2025-10-19 18:20:57] [INFO ] [CRYPTO-CORE] → Módulo Crypto Orion cargado exitosamente (Syncing — detected)
[2025-10-19 18:20:59] [INFO ] [INSIGHT-CORE] → Módulo Insight Orion cargado exitosamente (Connecting — stabilized)
[2025-10-19 18:20:59] [INFO ] [MATRIX-CORE] → Módulo Matrix Orion cargado exitosamente (Connecting — activated)
[2025-10-19 18:20:59] [INFO ] [QUANTUM-CORE] → Módulo Quantum Orion cargado exitosamente (Resolving — balanced)
[2025-10-19 18:20:59] [INFO ] [TIMEWARP-CORE] → Módulo TimeWarp Orion cargado exitosamente (Evolving — stabilized)
[2025-10-19 18:20:59] [INFO ] [VISION-CORE] → Módulo Vision Orion cargado exitosamente (Syncing — balanced)
[2025-10-19 20:09:16] [INFO ] [AI-CORE] → Módulo AI Orion cargado exitosamente (Connecting — stabilized)
[2025-10-19 20:09:16] [INFO ] [COSMOS-CORE] → Módulo Cosmos Orion cargado exitosamente (Processing — activated)
[2025-10-19 20:09:16] [INFO ] [CRYPTO-CORE] → Módulo Crypto Orion cargado exitosamente (Resolving — balanced)
[2025-10-19 20:09:18] [INFO ] [INSIGHT-CORE] → Módulo Insight Orion cargado exitosamente (Resolving — detected)
[2025-10-19 20:09:18] [INFO ] [MATRIX-CORE] → Módulo Matrix Orion cargado exitosamente (Processing — activated)
[2025-10-19 20:09:18] [INFO ] [QUANTUM-CORE] → Módulo Quantum Orion cargado exitosamente (Processing — activated)
[2025-10-19 20:09:18] [INFO ] [TIMEWARP-CORE] → Módulo TimeWarp Orion cargado exitosamente (Resolving — activated)
[2025-10-19 20:09:18] [INFO ] [VISION-CORE] → Módulo Vision Orion cargado exitosamente (Connecting — activated)
[2025-10-19 22:03:04] [INFO ] [AI-CORE] → Módulo AI Orion cargado exitosamente (Resolving — activated)
[2025-10-19 22:03:04] [INFO ] [COSMOS-CORE] → Módulo Cosmos Orion cargado exitosamente (Syncing — detected)
[2025-10-19 22:03:04] [INFO ] [CRYPTO-CORE] → Módulo Crypto Orion cargado exitosamente (Evolving — activated)
[2025-10-19 22:03:06] [INFO ] [INSIGHT-CORE] → Módulo Insight Orion cargado exitosamente (Processing — activated)
[2025-10-19 22:03:06] [INFO ] [MATRIX-CORE] → Módulo Matrix Orion cargado exitosamente (Resolving — detected)
[2025-10-19 22:03:06] [INFO ] [QUANTUM-CORE] → Módulo Quantum Orion cargado exitosamente (Connecting — detected)
[2025-10-19 22:03:06] [INFO ] [TIMEWARP-CORE] → Módulo TimeWarp Orion cargado exitosamente (Evolving — balanced)
[2025-10-19 22:03:06] [INFO ] [VISION-CORE] → Módulo Vision Orion cargado exitosamente (Connecting — balanced)
[2025-10-26 17:40:37] [WARN ] [SPREADSHEET-CORE] → Módulo de hojas de cálculo no disponible: cannot import name 'OSync' from 'modules.sheets_localbridge' (C:\Users\lenovo\Desktop\ORION-LANGUAGE\modules\sheets_localbridge.py) (Resolving — stabilized)
[2025-10-26 17:40:37] [INFO ] [AI-CORE] → Módulo AI Orion cargado exitosamente (Resolving — stabilized)
[2025-10-26 17:40:37] [INFO ] [COSMOS-CORE] → Módulo Cosmos Orion cargado exitosamente (Resolving — detected)
[2025-10-26 17:40:37] [INFO ] [CRYPTO-CORE] → Módulo Crypto Orion cargado exitosamente (Processing — activated)
[2025-10-26 17:40:40] [INFO ] [INSIGHT-CORE] → Módulo Insight Orion cargado exitosamente (Evolving — stabilized)
[2025-10-26 17:40:40] [INFO ] [MATRIX-CORE] → Módulo Matrix Orion cargado exitosamente (Evolving — balanced)
[2025-10-26 17:40:40] [INFO ] [QUANTUM-CORE] → Módulo Quantum Orion cargado exitosamente (Resolving — stabilized)
[2025-10-26 17:40:40] [INFO ] [TIMEWARP-CORE] → Módulo TimeWarp Orion cargado exitosamente (Syncing — activated)
[2025-10-26 17:40:40] [INFO ] [VISION-CORE] → Módulo Vision Orion cargado exitosamente (Connecting — stabilized)
[2025-10-26 18:02:36] [WARN ] [SPREADSHEET-CORE] → Módulo de hojas de cálculo no disponible: cannot import name 'OSync' from 'modules.sheets_localbridge' (C:\Users\lenovo\Desktop\ORION-LANGUAGE\modules\sheets_localbridge.py) (Processing — detected)
[2025-10-26 18:02:36] [INFO ] [AI-CORE] → Módulo AI Orion cargado exitosamente (Evolving — detected)
[2025-10-26 18:02:36] [INFO ] [COSMOS-CORE] → Módulo Cosmos Orion cargado exitosamente (Connecting — activated)
[2025-10-26 18:02:36] [INFO ] [CRYPTO-CORE] → Módulo Crypto Orion cargado exitosamente (Evolving — detected)
[2025-10-26 18:02:38] [INFO ] [INSIGHT-CORE] → Módulo Insight Orion cargado exitosamente (Processing — activated)
[2025-10-26 18:02:38] [INFO ] [MATRIX-CORE] → Módulo Matrix Orion cargado exitosamente (Processing — activated)
[2025-10-26 18:02:38] [INFO ] [QUANTUM-CORE] → Módulo Quantum Orion cargado exitosamente (Syncing — detected)
[2025-10-26 18:02:38] [INFO ] [TIMEWARP-CORE] → Módulo TimeWarp Orion cargado exitosamente (Processing — balanced)
[2025-10-26 18:02:38] [INFO ] [VISION-CORE] → Módulo Vision Orion cargado exitosamente (Resolving — stabilized)
[2025-10-26 18:22:41] [WARN ] [SPREADSHEET-CORE] → Módulo de hojas de cálculo no disponible: cannot import name 'OSync' from 'modules.sheets_localbridge' (C:\Users\lenovo\Desktop\ORION-LANGUAGE\modules\sheets_localbridge.py) (Processing — stabilized)
[2025-10-26 18:22:41] [INFO ] [AI-CORE] → Módulo AI Orion cargado exitosamente (Connecting — activated)
[2025-10-26 18:22:41] [INFO ] [COSMOS-CORE] → Módulo Cosmos Orion cargado exitosamente (Syncing — activated)
[2025-10-26 18:22:41] [INFO ] [CRYPTO-CORE] → Módulo Crypto Orion cargado exitosamente (Evolving — activated)
[2025-10-26 18:22:44] [INFO ] [INSIGHT-CORE] → Módulo Insight Orion cargado exitosamente (Evolving — activated)
[2025-10-26 18:22:44] [INFO ] [MATRIX-CORE] → Módulo Matrix Orion cargado exitosamente (Evolving — detected)
[2025-10-26 18:22:44] [INFO ] [QUANTUM-CORE] → Módulo Quantum Orion cargado exitosamente (Connecting — balanced)
[2025-10-26 18:22:44] [INFO ] [TIMEWARP-CORE] → Módulo TimeWarp Orion cargado exitosamente (Evolving — stabilized)
[2025-10-26 18:22:44] [INFO ] [VISION-CORE] → Módulo Vision Orion cargado exitosamente (Syncing — balanced)
[2025-10-26 18:46:18] [WARN ] [SPREADSHEET-CORE] → Módulo de hojas de cálculo no disponible: cannot import name 'OSync' from 'modules.sheets_localbridge' (C:\Users\lenovo\Desktop\ORION-LANGUAGE\modules\sheets_localbridge.py) (Connecting — stabilized)
[2025-10-26 18:46:18] [INFO ] [AI-CORE] → Módulo AI Orion cargado exitosamente (Syncing — balanced)
[2025-10-26 18:46:18] [INFO ] [COSMOS-CORE] → Módulo Cosmos Orion cargado exitosamente (Connecting — activated)
[2025-10-26 18:46:18] [INFO ] [CRYPTO-CORE] → Módulo Crypto Orion cargado exitosamente (Syncing — balanced)
[2025-10-26 18:46:20] [INFO ] [INSIGHT-CORE] → Módulo Insight Orion cargado exitosamente (Processing — balanced)
[2025-10-26 18:46:20] [INFO ] [MATRIX-CORE] → Módulo Matrix Orion cargado exitosamente (Resolving — stabilized)
[2025-10-26 18:46:20] [INFO ] [QUANTUM-CORE] → Módulo Quantum Orion cargado exitosamente (Connecting — detected)
[2025-10-26 18:46:20] [INFO ] [TIMEWARP-CORE] → Módulo TimeWarp Orion cargado exitosamente (Evolving — activated)
[2025-10-26 18:46:20] [INFO ] [VISION-CORE] → Módulo Vision Orion cargado exitosamente (Resolving — stabilized)
[2025-10-26 19:13:57] [WARN ] [SPREADSHEET-CORE] → Módulo de hojas de cálculo no disponible: cannot import name 'OSync' from 'modules.sheets_localbridge' (C:\Users\lenovo\Desktop\ORION-LANGUAGE\modules\sheets_localbridge.py) (Syncing — balanced)
[2025-10-26 19:13:57] [INFO ] [AI-CORE] → Módulo AI Orion cargado exitosamente (Evolving — balanced)
[2025-10-26 19:13:57] [INFO ] [COSMOS-CORE] → Módulo Cosmos Orion cargado exitosamente (Resolving — detected)
[2025-10-26 19:13:57] [INFO ] [CRYPTO-CORE] → Módulo Crypto Orion cargado exitosamente (Processing — balanced)
[2025-10-26 19:13:59] [INFO ] [INSIGHT-CORE] → Módulo Insight Orion cargado exitosamente (Evolving — stabilized)
[2025-10-26 19:13:59] [INFO ] [MATRIX-CORE] → Módulo Matrix Orion cargado exitosamente (Processing — activated)
[2025-10-26 19:13:59] [INFO ] [QUANTUM-CORE] → Módulo Quantum Orion cargado exitosamente (Processing — detected)
[2025-10-26 19:13:59] [INFO ] [TIMEWARP-CORE] → Módulo TimeWarp Orion cargado exitosamente (Connecting — stabilized)
[2025-10-26 19:13:59] [INFO ] [VISION-CORE] → Módulo Vision Orion cargado exitosamente (Evolving — balanced)
[2025-10-26 19:14:19] [WARN ] [SPREADSHEET-CORE] → Módulo de hojas de cálculo no disponible: cannot import name 'OSync' from 'modules.sheets_localbridge' (C:\Users\lenovo\Desktop\ORION-LANGUAGE\modules\sheets_localbridge.py) (Processing — balanced)
[2025-10-26 19:14:19] [INFO ] [AI-CORE] → Módulo AI Orion cargado exitosamente (Processing — balanced)
[2025-10-26 19:14:19] [INFO ] [COSMOS-CORE] → Módulo Cosmos Orion cargado exitosamente (Syncing — stabilized)
[2025-10-26 19:14:19] [INFO ] [CRYPTO-CORE] → Módulo Crypto Orion cargado exitosamente (Syncing — balanced)
[2025-10-26 19:14:21] [INFO ] [INSIGHT-CORE] → Módulo Insight Orion cargado exitosamente (Resolving — balanced)
[2025-10-26 19:14:21] [INFO ] [MATRIX-CORE] → Módulo Matrix Orion cargado exitosamente (Evolving — activated)
[2025-10-26 19:14:21] [INFO ] [QUANTUM-CORE] → Módulo Quantum Orion cargado exitosamente (Evolving — balanced)
[2025-10-26 19:14:21] [INFO ] [TIMEWARP-CORE] → Módulo TimeWarp Orion cargado exitosamente (Syncing — stabilized)
[2025-10-26 19:14:21] [INFO ] [VISION-CORE] → Módulo Vision Orion cargado exitosamente (Connecting — stabilized)
[2025-10-26 19:29:31] [WARN ] [SPREADSHEET-CORE] → Módulo de hojas de cálculo no disponible: cannot import name 'OSync' from 'modules.sheets_localbridge' (C:\Users\lenovo\Desktop\ORION-LANGUAGE\modules\sheets_localbridge.py) (Evolving — activated)
[2025-10-26 19:29:31] [INFO ] [AI-CORE] → Módulo AI Orion cargado exitosamente (Resolving — stabilized)
[2025-10-26 19:29:31] [INFO ] [COSMOS-CORE] → Módulo Cosmos Orion cargado exitosamente (Connecting — detected)
[2025-10-26 19:29:31] [INFO ] [CRYPTO-CORE] → Módulo Crypto Orion cargado exitosamente (Connecting — detected)
[2025-10-26 19:29:34] [INFO ] [INSIGHT-CORE] → Módulo Insight Orion cargado exitosamente (Connecting — balanced)
[2025-10-26 19:29:34] [INFO ] [MATRIX-CORE] → Módulo Matrix Orion cargado exitosamente (Syncing — activated)
[2025-10-26 19:29:34] [INFO ] [QUANTUM-CORE] → Módulo Quantum Orion cargado exitosamente (Syncing — balanced)
[2025-10-26 19:29:34] [INFO ] [TIMEWARP-CORE] → Módulo TimeWarp Orion cargado exitosamente (Syncing — balanced)
[2025-10-26 19:29:34] [INFO ] [VISION-CORE] → Módulo Vision Orion cargado exitosamente (Processing — stabilized)
[2025-10-26 19:40:21] [WARN ] [SPREADSHEET-CORE] → Módulo de hojas de cálculo no disponible: cannot import name 'OSync' from 'modules.sheets_localbridge' (C:\Users\lenovo\Desktop\ORION-LANGUAGE\modules\sheets_localbridge.py) (Syncing — balanced)
[2025-10-26 19:40:21] [INFO ] [AI-CORE] → Módulo AI Orion cargado exitosamente (Processing — activated)
[2025-10-26 19:40:21] [INFO ] [COSMOS-CORE] → Módulo Cosmos Orion cargado exitosamente (Connecting — activated)
[2025-10-26 19:40:21] [INFO ] [CRYPTO-CORE] → Módulo Crypto Orion cargado exitosamente (Resolving — activated)
[2025-10-26 19:40:22] [INFO ] [INSIGHT-CORE] → Módulo Insight Orion cargado exitosamente (Syncing — balanced)
[2025-10-26 19:40:22] [INFO ] [MATRIX-CORE] → Módulo Matrix Orion cargado exitosamente (Connecting — activated)
[2025-10-26 19:40:22] [INFO ] [QUANTUM-CORE] → Módulo Quantum Orion cargado exitosamente (Resolving — activated)
[2025-10-26 19:40:22] [INFO ] [TIMEWARP-CORE] → Módulo TimeWarp Orion cargado exitosamente (Syncing — balanced)
[2025-10-26 19:40:22] [INFO ] [VISION-CORE] → Módulo Vision Orion cargado exitosamente (Processing — activated)
[2025-10-26 19:40:31] [WARN ] [SPREADSHEET-CORE] → Módulo de hojas de cálculo no disponible: cannot import name 'OSync' from 'modules.sheets_localbridge' (C:\Users\lenovo\Desktop\ORION-LANGUAGE\modules\sheets_localbridge.py) (Connecting — stabilized)
[2025-10-26 19:40:31] [INFO ] [AI-CORE] → Módulo AI Orion cargado exitosamente (Syncing — balanced)
[2025-10-26 19:40:31] [INFO ] [COSMOS-CORE] → Módulo Cosmos Orion cargado exitosamente (Processing — balanced)
[2025-10-26 19:40:31] [INFO ] [CRYPTO-CORE] → Módulo Crypto Orion cargado exitosamente (Connecting — activated)
[2025-10-26 19:40:33] [INFO ] [INSIGHT-CORE] → Módulo Insight Orion cargado exitosamente (Connecting — stabilized)
[2025-10-26 19:40:33] [INFO ] [MATRIX-CORE] → Módulo Matrix Orion cargado exitosamente (Connecting — detected)
[2025-10-26 19:40:33] [INFO ] [QUANTUM-CORE] → Módulo Quantum Orion cargado exitosamente (Connecting — detected)
[2025-10-26 19:40:33] [INFO ] [TIMEWARP-CORE] → Módulo TimeWarp Orion cargado exitosamente (Resolving — activated)
[2025-10-26 19:40:33] [INFO ] [VISION-CORE] → Módulo Vision Orion cargado exitosamente (Connecting — balanced)
[2025-10-26 19:42:53] [WARN ] [SPREADSHEET-CORE] → Módulo de hojas de cálculo no disponible: cannot import name 'OSync' from 'modules.sheets_localbridge' (C:\Users\lenovo\Desktop\ORION-LANGUAGE\modules\sheets_localbridge.py) (Connecting — detected)
[2025-10-26 19:42:53] [INFO ] [AI-CORE] → Módulo AI Orion cargado exitosamente (Syncing — detected)
[2025-10-26 19:42:53] [INFO ] [COSMOS-CORE] → Módulo Cosmos Orion cargado exitosamente (Resolving — detected)
[2025-10-26 19:42:53] [INFO ] [CRYPTO-CORE] → Módulo Crypto Orion cargado exitosamente (Syncing — detected)
[2025-10-26 19:42:55] [INFO ] [INSIGHT-CORE] → Módulo Insight Orion cargado exitosamente (Connecting — stabilized)
[2025-10-26 19:42:55] [INFO ] [MATRIX-CORE] → Módulo Matrix Orion cargado exitosamente (Connecting — stabilized)
[2025-10-26 19:42:55] [INFO ] [QUANTUM-CORE] → Módulo Quantum Orion cargado exitosamente (Processing — stabilized)
[2025-10-26 19:42:55] [INFO ] [TIMEWARP-CORE] → Módulo TimeWarp Orion cargado exitosamente (Resolving — stabilized)
[2025-10-26 19:42:55] [INFO ] [VISION-CORE] → Módulo Vision Orion cargado exitosamente (Connecting — balanced)
[2025-10-26 19:42:59] [WARN ] [SPREADSHEET-CORE] → Módulo de hojas de cálculo no disponible: cannot import name 'OSync' from 'modules.sheets_localbridge' (C:\Users\lenovo\Desktop\ORION-LANGUAGE\modules\sheets_localbridge.py) (Syncing — balanced)
[2025-10-26 19:42:59] [INFO ] [AI-CORE] → Módulo AI Orion cargado exitosamente (Processing — activated)
[2025-10-26 19:42:59] [INFO ] [COSMOS-CORE] → Módulo Cosmos Orion cargado exitosamente (Connecting — stabilized)
[2025-10-26 19:42:59] [INFO ] [CRYPTO-CORE] → Módulo Crypto Orion cargado exitosamente (Resolving — stabilized)
[2025-10-26 19:43:01] [INFO ] [INSIGHT-CORE] → Módulo Insight Orion cargado exitosamente (Connecting — detected)
[2025-10-26 19:43:01] [INFO ] [MATRIX-CORE] → Módulo Matrix Orion cargado exitosamente (Processing — activated)
[2025-10-26 19:43:01] [INFO ] [QUANTUM-CORE] → Módulo Quantum Orion cargado exitosamente (Processing — balanced)
[2025-10-26 19:43:01] [INFO ] [TIMEWARP-CORE] → Módulo TimeWarp Orion cargado exitosamente (Evolving — activated)
[2025-10-26 19:43:01] [INFO ] [VISION-CORE] → Módulo Vision Orion cargado exitosamente (Connecting — balanced)
[2025-10-26 19:44:16] [WARN ] [SPREADSHEET-CORE] → Módulo de hojas de cálculo no disponible: cannot import name 'OSync' from 'modules.sheets_localbridge' (C:\Users\lenovo\Desktop\ORION-LANGUAGE\modules\sheets_localbridge.py) (Evolving — balanced)
[2025-10-26 19:44:16] [INFO ] [AI-CORE] → Módulo AI Orion cargado exitosamente (Evolving — stabilized)
[2025-10-26 19:44:16] [INFO ] [COSMOS-CORE] → Módulo Cosmos Orion cargado exitosamente (Syncing — balanced)
[2025-10-26 19:44:16] [INFO ] [CRYPTO-CORE] → Módulo Crypto Orion cargado exitosamente (Connecting — detected)
[2025-10-26 19:44:18] [INFO ] [INSIGHT-CORE] → Módulo Insight Orion cargado exitosamente (Processing — stabilized)
[2025-10-26 19:44:18] [INFO ] [MATRIX-CORE] → Módulo Matrix Orion cargado exitosamente (Connecting — detected)
[2025-10-26 19:44:18] [INFO ] [QUANTUM-CORE] → Módulo Quantum Orion cargado exitosamente (Evolving — activated)
[2025-10-26 19:44:18] [INFO ] [TIMEWARP-CORE] → Módulo TimeWarp Orion cargado exitosamente (Syncing — balanced)
[2025-10-26 19:44:18] [INFO ] [VISION-CORE] → Módulo Vision Orion cargado exitosamente (Resolving — detected)
[2025-10-26 19:44:24] [WARN ] [SPREADSHEET-CORE] → Módulo de hojas de cálculo no disponible: cannot import name 'OSync' from 'modules.sheets_localbridge' (C:\Users\lenovo\Desktop\ORION-LANGUAGE\modules\sheets_localbridge.py) (Connecting — detected)
[2025-10-26 19:44:24] [INFO ] [AI-CORE] → Módulo AI Orion cargado exitosamente (Connecting — detected)
[2025-10-26 19:44:24] [INFO ] [COSMOS-CORE] → Módulo Cosmos Orion cargado exitosamente (Syncing — activated)
[2025-10-26 19:44:24] [INFO ] [CRYPTO-CORE] → Módulo Crypto Orion cargado exitosamente (Connecting — stabilized)
[2025-10-26 19:44:26] [INFO ] [INSIGHT-CORE] → Módulo Insight Orion cargado exitosamente (Resolving — balanced)
[2025-10-26 19:44:26] [INFO ] [MATRIX-CORE] → Módulo Matrix Orion cargado exitosamente (Evolving — activated)
[2025-10-26 19:44:26] [INFO ] [QUANTUM-CORE] → Módulo Quantum Orion cargado exitosamente (Resolving — stabilized)
[2025-10-26 19:44:26] [INFO ] [TIMEWARP-CORE] → Módulo TimeWarp Orion cargado exitosamente (Connecting — balanced)
[2025-10-26 19:44:26] [INFO ] [VISION-CORE] → Módulo Vision Orion cargado exitosamente (Processing — balanced)
[2025-10-26 19:56:01] [WARN ] [SPREADSHEET-CORE] → Módulo de hojas de cálculo no disponible: cannot import name 'OSync' from 'modules.sheets_localbridge' (C:\Users\lenovo\Desktop\ORION-LANGUAGE\modules\sheets_localbridge.py) (Resolving — balanced)
[2025-10-26 19:56:01] [INFO ] [AI-CORE] → Módulo AI Orion cargado exitosamente (Syncing — balanced)
[2025-10-26 19:56:01] [INFO ] [COSMOS-CORE] → Módulo Cosmos Orion cargado exitosamente (Evolving — detected)
[2025-10-26 19:56:01] [INFO ] [CRYPTO-CORE] → Módulo Crypto Orion cargado exitosamente (Evolving — activated)
[2025-10-26 19:56:03] [INFO ] [INSIGHT-CORE] → Módulo Insight Orion cargado exitosamente (Evolving — detected)
[2025-10-26 19:56:03] [INFO ] [MATRIX-CORE] → Módulo Matrix Orion cargado exitosamente (Evolving — balanced)
[2025-10-26 19:56:03] [INFO ] [QUANTUM-CORE] → Módulo Quantum Orion cargado exitosamente (Processing — balanced)
[2025-10-26 19:56:03] [INFO ] [TIMEWARP-CORE] → Módulo TimeWarp Orion cargado exitosamente (Processing — activated)
[2025-10-26 19:56:03] [INFO ] [VISION-CORE] → Módulo Vision Orion cargado exitosamente (Evolving — activated)
[2025-10-26 19:56:16] [WARN ] [SPREADSHEET-CORE] → Módulo de hojas de cálculo no disponible: cannot import name 'OSync' from 'modules.sheets_localbridge' (C:\Users\lenovo\Desktop\ORION-LANGUAGE\modules\sheets_localbridge.py) (Processing — activated)
[2025-10-26 19:56:16] [INFO ] [AI-CORE] → Módulo AI Orion cargado exitosamente (Evolving — detected)
[2025-10-26 19:56:16] [INFO ] [COSMOS-CORE] → Módulo Cosmos Orion cargado exitosamente (Connecting — detected)
[2025-10-26 19:56:16] [INFO ] [CRYPTO-CORE] → Módulo Crypto Orion cargado exitosamente (Processing — balanced)
[2025-10-26 19:56:17] [INFO ] [INSIGHT-CORE] → Módulo Insight Orion cargado exitosamente (Processing — stabilized)
[2025-10-26 19:56:17] [INFO ] [MATRIX-CORE] → Módulo Matrix Orion cargado exitosamente (Evolving — activated)
[2025-10-26 19:56:17] [INFO ] [QUANTUM-CORE] → Módulo Quantum Orion cargado exitosamente (Processing — detected)
[2025-10-26 19:56:17] [INFO ] [TIMEWARP-CORE] → Módulo TimeWarp Orion cargado exitosamente (Evolving — stabilized)
[2025-10-26 19:56:17] [INFO ] [VISION-CORE] → Módulo Vision Orion cargado exitosamente (Syncing — balanced)
[2025-10-26 19:57:46] [WARN ] [SPREADSHEET-CORE] → Módulo de hojas de cálculo no disponible: cannot import name 'OSync' from 'modules.sheets_localbridge' (C:\Users\lenovo\Desktop\ORION-LANGUAGE\modules\sheets_localbridge.py) (Resolving — activated)
[2025-10-26 19:57:46] [INFO ] [AI-CORE] → Módulo AI Orion cargado exitosamente (Resolving — activated)
[2025-10-26 19:57:46] [INFO ] [COSMOS-CORE] → Módulo Cosmos Orion cargado exitosamente (Resolving — balanced)
[2025-10-26 19:57:46] [INFO ] [CRYPTO-CORE] → Módulo Crypto Orion cargado exitosamente (Resolving — detected)
[2025-10-26 19:57:48] [INFO ] [INSIGHT-CORE] → Módulo Insight Orion cargado exitosamente (Syncing — stabilized)
[2025-10-26 19:57:48] [INFO ] [MATRIX-CORE] → Módulo Matrix Orion cargado exitosamente (Evolving — detected)
[2025-10-26 19:57:48] [INFO ] [QUANTUM-CORE] → Módulo Quantum Orion cargado exitosamente (Resolving — stabilized)
[2025-10-26 19:57:48] [INFO ] [TIMEWARP-CORE] → Módulo TimeWarp Orion cargado exitosamente (Processing — activated)
[2025-10-26 19:57:48] [INFO ] [VISION-CORE] → Módulo Vision Orion cargado exitosamente (Resolving — detected)
[2025-10-26 19:59:47] [WARN ] [SPREADSHEET-CORE] → Módulo de hojas de cálculo no disponible: cannot import name 'OSync' from 'modules.sheets_localbridge' (C:\Users\lenovo\Desktop\ORION-LANGUAGE\modules\sheets_localbridge.py) (Processing — stabilized)
[2025-10-26 19:59:47] [INFO ] [AI-CORE] → Módulo AI Orion cargado exitosamente (Connecting — activated)
[2025-10-26 19:59:47] [INFO ] [COSMOS-CORE] → Módulo Cosmos Orion cargado exitosamente (Evolving — stabilized)
[2025-10-26 19:59:47] [INFO ] [CRYPTO-CORE] → Módulo Crypto Orion cargado exitosamente (Syncing — activated)
[2025-10-26 19:59:50] [INFO ] [INSIGHT-CORE] → Módulo Insight Orion cargado exitosamente (Resolving — stabilized)
[2025-10-26 19:59:50] [INFO ] [MATRIX-CORE] → Módulo Matrix Orion cargado exitosamente (Evolving — detected)
[2025-10-26 19:59:50] [INFO ] [QUANTUM-CORE] → Módulo Quantum Orion cargado exitosamente (Syncing — stabilized)
[2025-10-26 19:59:50] [INFO ] [TIMEWARP-CORE] → Módulo TimeWarp Orion cargado exitosamente (Syncing — stabilized)
[2025-10-26 19:59:50] [INFO ] [VISION-CORE] → Módulo Vision Orion cargado exitosamente (Syncing — activated)
[2025-10-26 20:00:46] [WARN ] [SPREADSHEET-CORE] → Módulo de hojas de cálculo no disponible: cannot import name 'OSync' from 'modules.sheets_localbridge' (C:\Users\lenovo\Desktop\ORION-LANGUAGE\modules\sheets_localbridge.py) (Processing — activated)
[2025-10-26 20:00:46] [INFO ] [AI-CORE] → Módulo AI Orion cargado exitosamente (Syncing — balanced)
[2025-10-26 20:00:46] [INFO ] [COSMOS-CORE] → Módulo Cosmos Orion cargado exitosamente (Resolving — activated)
[2025-10-26 20:00:46] [INFO ] [CRYPTO-CORE] → Módulo Crypto Orion cargado exitosamente (Syncing — activated)
[2025-10-26 20:00:47] [INFO ] [INSIGHT-CORE] → Módulo Insight Orion cargado exitosamente (Connecting — stabilized)
[2025-10-26 20:00:47] [INFO ] [MATRIX-CORE] → Módulo Matrix Orion cargado exitosamente (Connecting — balanced)
[2025-10-26 20:00:47] [INFO ] [QUANTUM-CORE] → Módulo Quantum Orion cargado exitosamente (Syncing — balanced)
[2025-10-26 20:00:47] [INFO ] [TIMEWARP-CORE] → Módulo TimeWarp Orion cargado exitosamente (Resolving — activated)
[2025-10-26 20:00:47] [INFO ] [VISION-CORE] → Módulo Vision Orion cargado exitosamente (Syncing — balanced)
