── GESTIÓN DE TAREAS ── ────────────────────────────────────────────────────────────────────────────────────────────────────────────────────────────────
── GESTIÓN DE TAREAS ── ────────────────────────────────────────────────────────────────────────────────────────────────────────────────────────────────
[2025-10-08 20:10:40] [PROC ] [TASKS] → Actualizando tareas ░░░░░░░░░░░░░░░░░░░░░░░░░░░░░░░░░░░░░░░░ 0%
[2025-10-08 20:10:40] [PROC ] [TASKS] → Actualizando tareas ░░░░░░░░░░░░░░░░░░░░░░░░░░░░░░░░░░░░░░░░ 1%
[2025-10-08 20:10:40] [PROC ] [TASKS] → Actualizando tareas ░░░░░░░░░░░░░░░░░░░░░░░░░░░░░░░░░░░░░░░░ 2%
[2025-10-08 20:10:40] [PROC ] [TASKS] → Actualizando tareas █░░░░░░░░░░░░░░░░░░░░░░░░░░░░░░░░░░░░░░░ 3%
[2025-10-08 20:10:40] [PROC ] [TASKS] → Actualizando tareas █░░░░░░░░░░░░░░░░░░░░░░░░░░░░░░░░░░░░░░░ 4%
[2025-10-08 20:10:40] [PROC ] [TASKS] → Actualizando tareas ██░░░░░░░░░░░░░░░░░░░░░░░░░░░░░░░░░░░░░░ 5%
[2025-10-08 20:10:40] [PROC ] [TASKS] → Actualizando tareas ██░░░░░░░░░░░░░░░░░░░░░░░░░░░░░░░░░░░░░░ 6%
[2025-10-08 20:10:40] [PROC ] [TASKS] → Actualizando tareas ██░░░░░░░░░░░░░░░░░░░░░░░░░░░░░░░░░░░░░░ 7%
[2025-10-08 20:10:40] [PROC ] [TASKS] → Actualizando tareas ███░░░░░░░░░░░░░░░░░░░░░░░░░░░░░░░░░░░░░ 8%
[2025-10-08 20:10:40] [PROC ] [TASKS] → Actualizando tareas ███░░░░░░░░░░░░░░░░░░░░░░░░░░░░░░░░░░░░░ 9%
[2025-10-08 20:10:40] [PROC ] [TASKS] → Actualizando tareas ████░░░░░░░░░░░░░░░░░░░░░░░░░░░░░░░░░░░░ 10%
[2025-10-08 20:10:40] [PROC ] [TASKS] → Actualizando tareas ████░░░░░░░░░░░░░░░░░░░░░░░░░░░░░░░░░░░░ 11%
[2025-10-08 20:10:40] [PROC ] [TASKS] → Actualizando tareas ████░░░░░░░░░░░░░░░░░░░░░░░░░░░░░░░░░░░░ 12%
[2025-10-08 20:10:40] [PROC ] [TASKS] → Actualizando tareas █████░░░░░░░░░░░░░░░░░░░░░░░░░░░░░░░░░░░ 13%
[2025-10-08 20:10:40] [PROC ] [TASKS] → Actualizando tareas █████░░░░░░░░░░░░░░░░░░░░░░░░░░░░░░░░░░░ 14%
[2025-10-08 20:10:40] [PROC ] [TASKS] → Actualizando tareas ██████░░░░░░░░░░░░░░░░░░░░░░░░░░░░░░░░░░ 15%
[2025-10-08 20:10:40] [PROC ] [TASKS] → Actualizando tareas ██████░░░░░░░░░░░░░░░░░░░░░░░░░░░░░░░░░░ 16%
[2025-10-08 20:10:40] [PROC ] [TASKS] → Actualizando tareas ██████░░░░░░░░░░░░░░░░░░░░░░░░░░░░░░░░░░ 17%
[2025-10-08 20:10:40] [PROC ] [TASKS] → Actualizando tareas ███████░░░░░░░░░░░░░░░░░░░░░░░░░░░░░░░░░ 18%
[2025-10-08 20:10:40] [PROC ] [TASKS] → Actualizando tareas ███████░░░░░░░░░░░░░░░░░░░░░░░░░░░░░░░░░ 19%
[2025-10-08 20:10:40] [PROC ] [TASKS] → Actualizando tareas ████████░░░░░░░░░░░░░░░░░░░░░░░░░░░░░░░░ 20%
[2025-10-08 20:10:40] [PROC ] [TASKS] → Actualizando tareas ████████░░░░░░░░░░░░░░░░░░░░░░░░░░░░░░░░ 21%
[2025-10-08 20:10:40] [PROC ] [TASKS] → Actualizando tareas ████████░░░░░░░░░░░░░░░░░░░░░░░░░░░░░░░░ 22%
[2025-10-08 20:10:40] [PROC ] [TASKS] → Actualizando tareas █████████░░░░░░░░░░░░░░░░░░░░░░░░░░░░░░░ 23%
[2025-10-08 20:10:40] [PROC ] [TASKS] → Actualizando tareas █████████░░░░░░░░░░░░░░░░░░░░░░░░░░░░░░░ 24%
[2025-10-08 20:10:40] [PROC ] [TASKS] → Actualizando tareas ██████████░░░░░░░░░░░░░░░░░░░░░░░░░░░░░░ 25%
[2025-10-08 20:10:40] [PROC ] [TASKS] → Actualizando tareas ██████████░░░░░░░░░░░░░░░░░░░░░░░░░░░░░░ 26%
[2025-10-08 20:10:40] [PROC ] [TASKS] → Actualizando tareas ██████████░░░░░░░░░░░░░░░░░░░░░░░░░░░░░░ 27%
[2025-10-08 20:10:40] [PROC ] [TASKS] → Actualizando tareas ███████████░░░░░░░░░░░░░░░░░░░░░░░░░░░░░ 28%
[2025-10-08 20:10:40] [PROC ] [TASKS] → Actualizando tareas ███████████░░░░░░░░░░░░░░░░░░░░░░░░░░░░░ 29%
[2025-10-08 20:10:40] [PROC ] [TASKS] → Actualizando tareas ████████████░░░░░░░░░░░░░░░░░░░░░░░░░░░░ 30%
[2025-10-08 20:10:40] [PROC ] [TASKS] → Actualizando tareas ████████████░░░░░░░░░░░░░░░░░░░░░░░░░░░░ 31%
[2025-10-08 20:10:40] [PROC ] [TASKS] → Actualizando tareas ████████████░░░░░░░░░░░░░░░░░░░░░░░░░░░░ 32%
[2025-10-08 20:10:40] [PROC ] [TASKS] → Actualizando tareas █████████████░░░░░░░░░░░░░░░░░░░░░░░░░░░ 33%
[2025-10-08 20:10:40] [PROC ] [TASKS] → Actualizando tareas █████████████░░░░░░░░░░░░░░░░░░░░░░░░░░░ 34%
[2025-10-08 20:10:40] [PROC ] [TASKS] → Actualizando tareas ██████████████░░░░░░░░░░░░░░░░░░░░░░░░░░ 35%
[2025-10-08 20:10:40] [PROC ] [TASKS] → Actualizando tareas ██████████████░░░░░░░░░░░░░░░░░░░░░░░░░░ 36%
[2025-10-08 20:10:40] [PROC ] [TASKS] → Actualizando tareas ██████████████░░░░░░░░░░░░░░░░░░░░░░░░░░ 37%
[2025-10-08 20:10:40] [PROC ] [TASKS] → Actualizando tareas ███████████████░░░░░░░░░░░░░░░░░░░░░░░░░ 38%
[2025-10-08 20:10:40] [PROC ] [TASKS] → Actualizando tareas ███████████████░░░░░░░░░░░░░░░░░░░░░░░░░ 39%
[2025-10-08 20:10:40] [PROC ] [TASKS] → Actualizando tareas ████████████████░░░░░░░░░░░░░░░░░░░░░░░░ 40%
[2025-10-08 20:10:40] [PROC ] [TASKS] → Actualizando tareas ████████████████░░░░░░░░░░░░░░░░░░░░░░░░ 41%
[2025-10-08 20:10:40] [PROC ] [TASKS] → Actualizando tareas ████████████████░░░░░░░░░░░░░░░░░░░░░░░░ 42%
[2025-10-08 20:10:40] [PROC ] [TASKS] → Actualizando tareas █████████████████░░░░░░░░░░░░░░░░░░░░░░░ 43%
[2025-10-08 20:10:40] [PROC ] [TASKS] → Actualizando tareas █████████████████░░░░░░░░░░░░░░░░░░░░░░░ 44%
[2025-10-08 20:10:40] [PROC ] [TASKS] → Actualizando tareas ██████████████████░░░░░░░░░░░░░░░░░░░░░░ 45%
[2025-10-08 20:10:40] [PROC ] [TASKS] → Actualizando tareas ██████████████████░░░░░░░░░░░░░░░░░░░░░░ 46%
[2025-10-08 20:10:40] [PROC ] [TASKS] → Actualizando tareas ██████████████████░░░░░░░░░░░░░░░░░░░░░░ 47%
[2025-10-08 20:10:40] [PROC ] [TASKS] → Actualizando tareas ███████████████████░░░░░░░░░░░░░░░░░░░░░ 48%
[2025-10-08 20:10:40] [PROC ] [TASKS] → Actualizando tareas ███████████████████░░░░░░░░░░░░░░░░░░░░░ 49%
[2025-10-08 20:10:40] [PROC ] [TASKS] → Actualizando tareas ████████████████████░░░░░░░░░░░░░░░░░░░░ 50%
[2025-10-08 20:10:40] [PROC ] [TASKS] → Actualizando tareas ████████████████████░░░░░░░░░░░░░░░░░░░░ 51%
[2025-10-08 20:10:40] [PROC ] [TASKS] → Actualizando tareas ████████████████████░░░░░░░░░░░░░░░░░░░░ 52%
[2025-10-08 20:10:40] [PROC ] [TASKS] → Actualizando tareas █████████████████████░░░░░░░░░░░░░░░░░░░ 53%
[2025-10-08 20:10:40] [PROC ] [TASKS] → Actualizando tareas █████████████████████░░░░░░░░░░░░░░░░░░░ 54%
[2025-10-08 20:10:40] [PROC ] [TASKS] → Actualizando tareas ██████████████████████░░░░░░░░░░░░░░░░░░ 55%
[2025-10-08 20:10:40] [PROC ] [TASKS] → Actualizando tareas ██████████████████████░░░░░░░░░░░░░░░░░░ 56%
[2025-10-08 20:10:40] [PROC ] [TASKS] → Actualizando tareas ██████████████████████░░░░░░░░░░░░░░░░░░ 57%
[2025-10-08 20:10:40] [PROC ] [TASKS] → Actualizando tareas ███████████████████████░░░░░░░░░░░░░░░░░ 58%
[2025-10-08 20:10:40] [PROC ] [TASKS] → Actualizando tareas ███████████████████████░░░░░░░░░░░░░░░░░ 59%
[2025-10-08 20:10:40] [PROC ] [TASKS] → Actualizando tareas ████████████████████████░░░░░░░░░░░░░░░░ 60%
[2025-10-08 20:10:40] [PROC ] [TASKS] → Actualizando tareas ████████████████████████░░░░░░░░░░░░░░░░ 61%
[2025-10-08 20:10:40] [PROC ] [TASKS] → Actualizando tareas ████████████████████████░░░░░░░░░░░░░░░░ 62%
[2025-10-08 20:10:40] [PROC ] [TASKS] → Actualizando tareas █████████████████████████░░░░░░░░░░░░░░░ 63%
[2025-10-08 20:10:40] [PROC ] [TASKS] → Actualizando tareas █████████████████████████░░░░░░░░░░░░░░░ 64%
[2025-10-08 20:10:40] [PROC ] [TASKS] → Actualizando tareas ██████████████████████████░░░░░░░░░░░░░░ 65%
[2025-10-08 20:10:40] [PROC ] [TASKS] → Actualizando tareas ██████████████████████████░░░░░░░░░░░░░░ 66%
[2025-10-08 20:10:40] [PROC ] [TASKS] → Actualizando tareas ██████████████████████████░░░░░░░░░░░░░░ 67%
[2025-10-08 20:10:40] [PROC ] [TASKS] → Actualizando tareas ███████████████████████████░░░░░░░░░░░░░ 68%
[2025-10-08 20:10:40] [PROC ] [TASKS] → Actualizando tareas ███████████████████████████░░░░░░░░░░░░░ 69%
[2025-10-08 20:10:40] [PROC ] [TASKS] → Actualizando tareas ████████████████████████████░░░░░░░░░░░░ 70%
[2025-10-08 20:10:40] [PROC ] [TASKS] → Actualizando tareas ████████████████████████████░░░░░░░░░░░░ 71%
[2025-10-08 20:10:40] [PROC ] [TASKS] → Actualizando tareas ████████████████████████████░░░░░░░░░░░░ 72%
[2025-10-08 20:10:40] [PROC ] [TASKS] → Actualizando tareas █████████████████████████████░░░░░░░░░░░ 73%
[2025-10-08 20:10:40] [PROC ] [TASKS] → Actualizando tareas █████████████████████████████░░░░░░░░░░░ 74%
[2025-10-08 20:10:40] [PROC ] [TASKS] → Actualizando tareas ██████████████████████████████░░░░░░░░░░ 75%
[2025-10-08 20:10:40] [PROC ] [TASKS] → Actualizando tareas ██████████████████████████████░░░░░░░░░░ 76%
[2025-10-08 20:10:40] [PROC ] [TASKS] → Actualizando tareas ██████████████████████████████░░░░░░░░░░ 77%
[2025-10-08 20:10:40] [PROC ] [TASKS] → Actualizando tareas ███████████████████████████████░░░░░░░░░ 78%
[2025-10-08 20:10:40] [PROC ] [TASKS] → Actualizando tareas ███████████████████████████████░░░░░░░░░ 79%
[2025-10-08 20:10:40] [PROC ] [TASKS] → Actualizando tareas ████████████████████████████████░░░░░░░░ 80%
[2025-10-08 20:10:40] [PROC ] [TASKS] → Actualizando tareas ████████████████████████████████░░░░░░░░ 81%
[2025-10-08 20:10:40] [PROC ] [TASKS] → Actualizando tareas ████████████████████████████████░░░░░░░░ 82%
[2025-10-08 20:10:40] [PROC ] [TASKS] → Actualizando tareas █████████████████████████████████░░░░░░░ 83%
[2025-10-08 20:10:40] [PROC ] [TASKS] → Actualizando tareas █████████████████████████████████░░░░░░░ 84%
[2025-10-08 20:10:40] [PROC ] [TASKS] → Actualizando tareas ██████████████████████████████████░░░░░░ 85%
[2025-10-08 20:10:40] [PROC ] [TASKS] → Actualizando tareas ██████████████████████████████████░░░░░░ 86%
[2025-10-08 20:10:40] [PROC ] [TASKS] → Actualizando tareas ██████████████████████████████████░░░░░░ 87%
[2025-10-08 20:10:40] [PROC ] [TASKS] → Actualizando tareas ███████████████████████████████████░░░░░ 88%
[2025-10-08 20:10:40] [PROC ] [TASKS] → Actualizando tareas ███████████████████████████████████░░░░░ 89%
[2025-10-08 20:10:40] [PROC ] [TASKS] → Actualizando tareas ████████████████████████████████████░░░░ 90%
[2025-10-08 20:10:40] [PROC ] [TASKS] → Actualizando tareas ████████████████████████████████████░░░░ 91%
[2025-10-08 20:10:40] [PROC ] [TASKS] → Actualizando tareas ████████████████████████████████████░░░░ 92%
[2025-10-08 20:10:40] [PROC ] [TASKS] → Actualizando tareas █████████████████████████████████████░░░ 93%
[2025-10-08 20:10:40] [PROC ] [TASKS] → Actualizando tareas █████████████████████████████████████░░░ 94%
[2025-10-08 20:10:40] [PROC ] [TASKS] → Actualizando tareas ██████████████████████████████████████░░ 95%
[2025-10-08 20:10:40] [PROC ] [TASKS] → Actualizando tareas ██████████████████████████████████████░░ 96%
[2025-10-08 20:10:40] [PROC ] [TASKS] → Actualizando tareas ██████████████████████████████████████░░ 97%
[2025-10-08 20:10:40] [PROC ] [TASKS] → Actualizando tareas ███████████████████████████████████████░ 98%
[2025-10-08 20:10:40] [PROC ] [TASKS] → Actualizando tareas ███████████████████████████████████████░ 99%
[2025-10-08 20:10:40] [PROC ] [TASKS] → Actualizando tareas ████████████████████████████████████████ 100%
── GESTIÓN DE TAREAS ── ────────────────────────────────────────────────────────────────────────────────────────────────────────────────────────────────
── SEGURIDAD ── ───────────────────────────────────────────────────────────────────────────────────────────────────────────────────────────────────────────────
── SEGURIDAD ── ───────────────────────────────────────────────────────────────────────────────────────────────────────────────────────────────────────────────
── ANÁLISIS DE USUARIOS ── ────────────────────────────────────────────────────────────────────────────────────────────────────────────────────────────────────
── ANÁLISIS DE USUARIOS ── ────────────────────────────────────────────────────────────────────────────────────────────────────────────────────────────────────
── ANÁLISIS DE USUARIOS ── ────────────────────────────────────────────────────────────────────────────────────────────────────────────────────────────────────
── ANÁLISIS DE USUARIOS ── ────────────────────────────────────────────────────────────────────────────────────────────────────────────────────────────────────
── ANÁLISIS DE USUARIOS ── ────────────────────────────────────────────────────────────────────────────────────────────────────────────────────────────────────
── ANÁLISIS DE USUARIOS ── ────────────────────────────────────────────────────────────────────────────────────────────────────────────────────────────────────
── SEGURIDAD ── ───────────────────────────────────────────────────────────────────────────────────────────────────────────────────────────────────────────────
── SEGURIDAD ── ───────────────────────────────────────────────────────────────────────────────────────────────────────────────────────────────────────────────
── ANÁLISIS COGNITIVO DE TAREAS ── ────────────────────────────────────────────────────────────────────────────────────────────────────────────────────────────
── ANÁLISIS COGNITIVO DE TAREAS ── ───────────────────────────────────────────────────────────────────────────────────────────────────────────────────────────────
── ANÁLISIS COGNITIVO DE TAREAS ── ────────────────────────────────────────────────────────────────────────────────────────────────────────────────────────────
── ANÁLISIS COGNITIVO DE TAREAS ── ────────────────────────────────────────────────────────────────────────────────────────────────────────────────────────────
── ANÁLISIS COGNITIVO DE TAREAS ── ────────────────────────────────────────────────────────────────────────────────────────────────────────────────────────────
── ANÁLISIS COGNITIVO DE TAREAS ── ────────────────────────────────────────────────────────────────────────────────────────────────────────────────────────────
── ANÁLISIS COGNITIVO DE TAREAS ── ────────────────────────────────────────────────────────────────────────────────────────────────────────────────────────────
── ANÁLISIS COGNITIVO DE TAREAS ── ────────────────────────────────────────────────────────────────────────────────────────────────────────────────────────────
── ANÁLISIS COGNITIVO COMPLETO ── ─────────────────────────────────────────────────────────────────────────────────────────────────────────────────────────────
── ANÁLISIS COGNITIVO DE TAREAS ── ────────────────────────────────────────────────────────────────────────────────────────────────────────────────────────────
── ANÁLISIS COGNITIVO DE TAREAS ── ────────────────────────────────────────────────────────────────────────────────────────────────────────────────────────────
── ANÁLISIS COGNITIVO DE TAREAS ── ────────────────────────────────────────────────────────────────────────────────────────────────────────────────────────────
── ANÁLISIS COGNITIVO COMPLETO ── ─────────────────────────────────────────────────────────────────────────────────────────────────────────────────────────────
── ANÁLISIS COGNITIVO DE TAREAS ── ────────────────────────────────────────────────────────────────────────────────────────────────────────────────────────────
── ANÁLISIS COGNITIVO COMPLETO ── ─────────────────────────────────────────────────────────────────────────────────────────────────────────────────────────────
── ANÁLISIS COGNITIVO DE TAREAS ── ────────────────────────────────────────────────────────────────────────────────────────────────────────────────────────────
── ANÁLISIS COGNITIVO COMPLETO ── ─────────────────────────────────────────────────────────────────────────────────────────────────────────────────────────────
── ANÁLISIS COGNITIVO DE TAREAS ── ────────────────────────────────────────────────────────────────────────────────────────────────────────────────────────────
── ANÁLISIS COGNITIVO COMPLETO ── ─────────────────────────────────────────────────────────────────────────────────────────────────────────────────────────────
── ANÁLISIS COGNITIVO DE TAREAS ── ────────────────────────────────────────────────────────────────────────────────────────────────────────────────────────────
── ANÁLISIS COGNITIVO DE TAREAS ── ────────────────────────────────────────────────────────────────────────────────────────────────────────────────────────────
── ANÁLISIS COGNITIVO DE TAREAS ── ────────────────────────────────────────────────────────────────────────────────────────────────────────────────────────────
── ANÁLISIS COGNITIVO DE TAREAS ── ────────────────────────────────────────────────────────────────────────────────────────────────────────────────────────────
── ANÁLISIS COGNITIVO COMPLETO ── ─────────────────────────────────────────────────────────────────────────────────────────────────────────────────────────────
─ ── ANÁLISIS COGNITIVO DE TAREAS ── ───────────────────────────────────────────────────────────────────────────────────────────────────────────────────────────
─ ── ANÁLISIS COGNITIVO COMPLETO ── ────────────────────────────────────────────────────────────────────────────────────────────────────────────────────────────
[2025-10-18 16:09:15] [INFO ] [AI-CORE] → Módulo AI Orion cargado exitosamente (Resolving — balanced)
[2025-10-18 16:09:15] [INFO ] [COSMOS-CORE] → Módulo Cosmos Orion cargado exitosamente (Evolving — stabilized)
[2025-10-18 16:09:15] [INFO ] [CRYPTO-CORE] → Módulo Crypto Orion cargado exitosamente (Connecting — balanced)
[2025-10-18 16:09:16] [INFO ] [INSIGHT-CORE] → Módulo Insight Orion cargado exitosamente (Resolving — detected)
[2025-10-18 16:09:16] [INFO ] [MATRIX-CORE] → Módulo Matrix Orion cargado exitosamente (Connecting — detected)
[2025-10-18 16:09:16] [INFO ] [QUANTUM-CORE] → Módulo Quantum Orion cargado exitosamente (Connecting — activated)
[2025-10-18 16:09:16] [INFO ] [TIMEWARP-CORE] → Módulo TimeWarp Orion cargado exitosamente (Connecting — detected)
[2025-10-18 16:09:16] [INFO ] [VISION-CORE] → Módulo Vision Orion cargado exitosamente (Syncing — stabilized)
[2025-10-18 16:09:45] [INFO ] [AI-CORE] → Módulo AI Orion cargado exitosamente (Processing — activated)
[2025-10-18 16:09:45] [INFO ] [COSMOS-CORE] → Módulo Cosmos Orion cargado exitosamente (Resolving — detected)
[2025-10-18 16:09:45] [INFO ] [CRYPTO-CORE] → Módulo Crypto Orion cargado exitosamente (Connecting — detected)
[2025-10-18 16:09:46] [INFO ] [INSIGHT-CORE] → Módulo Insight Orion cargado exitosamente (Evolving — balanced)
[2025-10-18 16:09:46] [INFO ] [MATRIX-CORE] → Módulo Matrix Orion cargado exitosamente (Processing — stabilized)
[2025-10-18 16:09:46] [INFO ] [QUANTUM-CORE] → Módulo Quantum Orion cargado exitosamente (Syncing — balanced)
[2025-10-18 16:09:46] [INFO ] [TIMEWARP-CORE] → Módulo TimeWarp Orion cargado exitosamente (Syncing — activated)
[2025-10-18 16:09:46] [INFO ] [VISION-CORE] → Módulo Vision Orion cargado exitosamente (Connecting — activated)
[2025-10-18 16:11:41] [INFO ] [AI-CORE] → Módulo AI Orion cargado exitosamente (Processing — activated)
[2025-10-18 16:11:41] [INFO ] [COSMOS-CORE] → Módulo Cosmos Orion cargado exitosamente (Connecting — detected)
[2025-10-18 16:11:41] [INFO ] [CRYPTO-CORE] → Módulo Crypto Orion cargado exitosamente (Processing — activated)
[2025-10-18 16:11:42] [INFO ] [INSIGHT-CORE] → Módulo Insight Orion cargado exitosamente (Evolving — detected)
[2025-10-18 16:11:42] [INFO ] [MATRIX-CORE] → Módulo Matrix Orion cargado exitosamente (Processing — activated)
[2025-10-18 16:11:42] [INFO ] [QUANTUM-CORE] → Módulo Quantum Orion cargado exitosamente (Connecting — detected)
[2025-10-18 16:11:42] [INFO ] [TIMEWARP-CORE] → Módulo TimeWarp Orion cargado exitosamente (Syncing — activated)
[2025-10-18 16:11:42] [INFO ] [VISION-CORE] → Módulo Vision Orion cargado exitosamente (Processing — balanced)
[2025-10-18 16:19:36] [INFO ] [AI-CORE] → Módulo AI Orion cargado exitosamente (Syncing — balanced)
[2025-10-18 16:19:36] [INFO ] [COSMOS-CORE] → Módulo Cosmos Orion cargado exitosamente (Resolving — stabilized)
[2025-10-18 16:19:36] [INFO ] [CRYPTO-CORE] → Módulo Crypto Orion cargado exitosamente (Evolving — detected)
[2025-10-18 16:19:37] [INFO ] [INSIGHT-CORE] → Módulo Insight Orion cargado exitosamente (Processing — activated)
[2025-10-18 16:19:37] [INFO ] [MATRIX-CORE] → Módulo Matrix Orion cargado exitosamente (Processing — activated)
[2025-10-18 16:19:37] [INFO ] [QUANTUM-CORE] → Módulo Quantum Orion cargado exitosamente (Evolving — balanced)
[2025-10-18 16:19:37] [INFO ] [TIMEWARP-CORE] → Módulo TimeWarp Orion cargado exitosamente (Syncing — stabilized)
[2025-10-18 16:19:37] [INFO ] [VISION-CORE] → Módulo Vision Orion cargado exitosamente (Evolving — activated)
[2025-10-18 16:24:38] [INFO ] [AI-CORE] → Módulo AI Orion cargado exitosamente (Processing — stabilized)
[2025-10-18 16:24:38] [INFO ] [COSMOS-CORE] → Módulo Cosmos Orion cargado exitosamente (Connecting — balanced)
[2025-10-18 16:24:38] [INFO ] [CRYPTO-CORE] → Módulo Crypto Orion cargado exitosamente (Evolving — activated)
[2025-10-18 16:24:39] [INFO ] [INSIGHT-CORE] → Módulo Insight Orion cargado exitosamente (Syncing — balanced)
[2025-10-18 16:24:39] [INFO ] [MATRIX-CORE] → Módulo Matrix Orion cargado exitosamente (Resolving — activated)
[2025-10-18 16:24:39] [INFO ] [QUANTUM-CORE] → Módulo Quantum Orion cargado exitosamente (Syncing — activated)
[2025-10-18 16:24:39] [INFO ] [TIMEWARP-CORE] → Módulo TimeWarp Orion cargado exitosamente (Processing — stabilized)
[2025-10-18 16:24:39] [INFO ] [VISION-CORE] → Módulo Vision Orion cargado exitosamente (Processing — activated)
[2025-10-18 16:29:01] [INFO ] [AI-CORE] → Módulo AI Orion cargado exitosamente (Processing — activated)
[2025-10-18 16:29:01] [INFO ] [COSMOS-CORE] → Módulo Cosmos Orion cargado exitosamente (Evolving — balanced)
[2025-10-18 16:29:01] [INFO ] [CRYPTO-CORE] → Módulo Crypto Orion cargado exitosamente (Evolving — activated)
[2025-10-18 16:29:02] [INFO ] [INSIGHT-CORE] → Módulo Insight Orion cargado exitosamente (Resolving — balanced)
[2025-10-18 16:29:02] [INFO ] [MATRIX-CORE] → Módulo Matrix Orion cargado exitosamente (Connecting — stabilized)
[2025-10-18 16:29:02] [INFO ] [QUANTUM-CORE] → Módulo Quantum Orion cargado exitosamente (Processing — stabilized)
[2025-10-18 16:29:02] [INFO ] [TIMEWARP-CORE] → Módulo TimeWarp Orion cargado exitosamente (Connecting — activated)
[2025-10-18 16:29:02] [INFO ] [VISION-CORE] → Módulo Vision Orion cargado exitosamente (Resolving — detected)
[2025-10-18 16:39:55] [INFO ] [AI-CORE] → Módulo AI Orion cargado exitosamente (Evolving — detected)
[2025-10-18 16:39:55] [INFO ] [COSMOS-CORE] → Módulo Cosmos Orion cargado exitosamente (Connecting — activated)
[2025-10-18 16:39:56] [INFO ] [CRYPTO-CORE] → Módulo Crypto Orion cargado exitosamente (Resolving — balanced)
[2025-10-18 16:39:56] [INFO ] [INSIGHT-CORE] → Módulo Insight Orion cargado exitosamente (Evolving — activated)
[2025-10-18 16:39:56] [INFO ] [MATRIX-CORE] → Módulo Matrix Orion cargado exitosamente (Evolving — balanced)
[2025-10-18 16:39:56] [INFO ] [QUANTUM-CORE] → Módulo Quantum Orion cargado exitosamente (Resolving — stabilized)
[2025-10-18 16:39:56] [INFO ] [TIMEWARP-CORE] → Módulo TimeWarp Orion cargado exitosamente (Connecting — stabilized)
[2025-10-18 16:39:56] [INFO ] [VISION-CORE] → Módulo Vision Orion cargado exitosamente (Processing — balanced)
[2025-10-18 16:46:27] [INFO ] [AI-CORE] → Módulo AI Orion cargado exitosamente (Resolving — activated)
[2025-10-18 16:46:27] [INFO ] [COSMOS-CORE] → Módulo Cosmos Orion cargado exitosamente (Resolving — activated)
[2025-10-18 16:46:28] [INFO ] [CRYPTO-CORE] → Módulo Crypto Orion cargado exitosamente (Evolving — balanced)
[2025-10-18 16:46:29] [INFO ] [INSIGHT-CORE] → Módulo Insight Orion cargado exitosamente (Processing — stabilized)
[2025-10-18 16:46:29] [INFO ] [MATRIX-CORE] → Módulo Matrix Orion cargado exitosamente (Evolving — stabilized)
[2025-10-18 16:46:29] [INFO ] [QUANTUM-CORE] → Módulo Quantum Orion cargado exitosamente (Resolving — activated)
[2025-10-18 16:46:29] [INFO ] [TIMEWARP-CORE] → Módulo TimeWarp Orion cargado exitosamente (Syncing — detected)
[2025-10-18 16:46:29] [INFO ] [VISION-CORE] → Módulo Vision Orion cargado exitosamente (Syncing — balanced)
[2025-10-18 16:50:06] [INFO ] [AI-CORE] → Módulo AI Orion cargado exitosamente (Syncing — stabilized)
[2025-10-18 16:50:06] [INFO ] [COSMOS-CORE] → Módulo Cosmos Orion cargado exitosamente (Connecting — balanced)
[2025-10-18 16:50:06] [INFO ] [CRYPTO-CORE] → Módulo Crypto Orion cargado exitosamente (Resolving — balanced)
[2025-10-18 16:50:06] [INFO ] [INSIGHT-CORE] → Módulo Insight Orion cargado exitosamente (Evolving — detected)
[2025-10-18 16:50:06] [INFO ] [MATRIX-CORE] → Módulo Matrix Orion cargado exitosamente (Connecting — stabilized)
[2025-10-18 16:50:06] [INFO ] [QUANTUM-CORE] → Módulo Quantum Orion cargado exitosamente (Syncing — detected)
[2025-10-18 16:50:06] [INFO ] [TIMEWARP-CORE] → Módulo TimeWarp Orion cargado exitosamente (Connecting — balanced)
[2025-10-18 16:50:06] [INFO ] [VISION-CORE] → Módulo Vision Orion cargado exitosamente (Evolving — activated)
[2025-10-18 16:53:07] [INFO ] [AI-CORE] → Módulo AI Orion cargado exitosamente (Syncing — stabilized)
[2025-10-18 16:53:07] [INFO ] [COSMOS-CORE] → Módulo Cosmos Orion cargado exitosamente (Syncing — stabilized)
[2025-10-18 16:53:07] [INFO ] [CRYPTO-CORE] → Módulo Crypto Orion cargado exitosamente (Processing — detected)
[2025-10-18 16:53:08] [INFO ] [INSIGHT-CORE] → Módulo Insight Orion cargado exitosamente (Processing — activated)
[2025-10-18 16:53:08] [INFO ] [MATRIX-CORE] → Módulo Matrix Orion cargado exitosamente (Connecting — balanced)
[2025-10-18 16:53:08] [INFO ] [QUANTUM-CORE] → Módulo Quantum Orion cargado exitosamente (Resolving — activated)
[2025-10-18 16:53:08] [INFO ] [TIMEWARP-CORE] → Módulo TimeWarp Orion cargado exitosamente (Syncing — activated)
[2025-10-18 16:53:08] [INFO ] [VISION-CORE] → Módulo Vision Orion cargado exitosamente (Resolving — detected)
[2025-10-18 16:56:11] [INFO ] [AI-CORE] → Módulo AI Orion cargado exitosamente (Connecting — detected)
[2025-10-18 16:56:11] [INFO ] [COSMOS-CORE] → Módulo Cosmos Orion cargado exitosamente (Processing — stabilized)
[2025-10-18 16:56:11] [INFO ] [CRYPTO-CORE] → Módulo Crypto Orion cargado exitosamente (Resolving — stabilized)
[2025-10-18 16:56:12] [INFO ] [INSIGHT-CORE] → Módulo Insight Orion cargado exitosamente (Resolving — stabilized)
[2025-10-18 16:56:12] [INFO ] [MATRIX-CORE] → Módulo Matrix Orion cargado exitosamente (Syncing — balanced)
[2025-10-18 16:56:12] [INFO ] [QUANTUM-CORE] → Módulo Quantum Orion cargado exitosamente (Connecting — detected)
[2025-10-18 16:56:12] [INFO ] [TIMEWARP-CORE] → Módulo TimeWarp Orion cargado exitosamente (Evolving — detected)
[2025-10-18 16:56:12] [INFO ] [VISION-CORE] → Módulo Vision Orion cargado exitosamente (Processing — activated)
